c:\users\benri\source\repos\comp3016-70%-opengl\opengl\x64\debug\vc143.pdb
c:\users\benri\source\repos\comp3016-70%-opengl\opengl\x64\debug\vc143.idb
c:\users\benri\source\repos\comp3016-70%-opengl\opengl\x64\debug\glad.obj
c:\users\benri\source\repos\comp3016-70%-opengl\opengl\x64\debug\shader.obj
c:\users\benri\source\repos\comp3016-70%-opengl\opengl\x64\debug\stbsetup.obj
c:\users\benri\source\repos\comp3016-70%-opengl\opengl\x64\debug\main.obj
c:\users\benri\source\repos\comp3016-70%-opengl\opengl\x64\debug\cavegenerator.obj
c:\users\benri\source\repos\comp3016-70%-opengl\opengl\x64\debug\model.obj
c:\users\benri\source\repos\comp3016-70%-opengl\opengl\x64\debug\opengl.exe
c:\users\benri\source\repos\comp3016-70%-opengl\opengl\x64\debug\opengl.ilk
c:\users\benri\source\repos\comp3016-70%-opengl\opengl\x64\debug\opengl.pdb
c:\users\benri\source\repos\comp3016-70%-opengl\opengl\x64\debug\camera.obj
c:\users\benri\source\repos\comp3016-70%-opengl\opengl\x64\debug\grid.obj
c:\users\benri\source\repos\comp3016-70%-opengl\opengl\x64\debug\mineshaftsegment.obj
c:\users\benri\source\repos\comp3016-70%-opengl\opengl\x64\debug\opengl.tlog\cl.command.1.tlog
c:\users\benri\source\repos\comp3016-70%-opengl\opengl\x64\debug\opengl.tlog\cl.read.1.tlog
c:\users\benri\source\repos\comp3016-70%-opengl\opengl\x64\debug\opengl.tlog\cl.write.1.tlog
c:\users\benri\source\repos\comp3016-70%-opengl\opengl\x64\debug\opengl.tlog\link.command.1.tlog
c:\users\benri\source\repos\comp3016-70%-opengl\opengl\x64\debug\opengl.tlog\link.read.1.tlog
c:\users\benri\source\repos\comp3016-70%-opengl\opengl\x64\debug\opengl.tlog\link.write.1.tlog
