  main.cpp
C:\Users\benri\source\repos\COMP3016-70%-OpenGL\OpenGL\main.cpp(155,28): warning C4244: 'initializing': conversion from 'double' to 'float', possible loss of data
C:\Users\benri\source\repos\COMP3016-70%-OpenGL\OpenGL\main.cpp(295,49): warning C4244: '=': conversion from 'double' to 'float', possible loss of data
C:\Users\benri\source\repos\COMP3016-70%-OpenGL\OpenGL\main.cpp(394,21): warning C4244: '=': conversion from 'double' to 'float', possible loss of data
C:\Users\benri\source\repos\COMP3016-70%-OpenGL\OpenGL\main.cpp(395,21): warning C4244: '=': conversion from 'double' to 'float', possible loss of data
C:\Users\benri\source\repos\COMP3016-70%-OpenGL\OpenGL\main.cpp(399,23): warning C4244: 'initializing': conversion from 'double' to 'float', possible loss of data
C:\Users\benri\source\repos\COMP3016-70%-OpenGL\OpenGL\main.cpp(400,23): warning C4244: 'initializing': conversion from 'double' to 'float', possible loss of data
C:\Users\benri\source\repos\COMP3016-70%-OpenGL\OpenGL\main.cpp(401,17): warning C4244: '=': conversion from 'double' to 'float', possible loss of data
C:\Users\benri\source\repos\COMP3016-70%-OpenGL\OpenGL\main.cpp(402,17): warning C4244: '=': conversion from 'double' to 'float', possible loss of data
  CaveGenerator.cpp
C:\Users\benri\source\repos\COMP3016-70%-OpenGL\OpenGL\src\CaveGenerator.cpp(85,36): warning C4267: '=': conversion from 'size_t' to 'unsigned int', possible loss of data
C:\Users\benri\source\repos\COMP3016-70%-OpenGL\OpenGL\src\CaveGenerator.cpp(180,56): warning C4244: 'argument': conversion from 'T' to 'int', possible loss of data
          with
          [
              T=float
          ]
C:\Users\benri\source\repos\COMP3016-70%-OpenGL\OpenGL\src\CaveGenerator.cpp(180,39): warning C4244: 'argument': conversion from 'T' to 'int', possible loss of data
          with
          [
              T=float
          ]
C:\Users\benri\source\repos\COMP3016-70%-OpenGL\OpenGL\src\CaveGenerator.cpp(180,22): warning C4244: 'argument': conversion from 'T' to 'int', possible loss of data
          with
          [
              T=float
          ]
  Generating Code...
  OpenGL.vcxproj -> C:\Users\benri\source\repos\COMP3016-70%-OpenGL\OpenGL\x64\Debug\OpenGL.exe
